<?xml version="1.0" encoding="UTF-8"?>
<!-- Generated by org.testng.reporters.JUnitReportReporter -->
<testsuite hostname="LAPTOP-9MR528IS" name="com.colibri.Testcases.VerifyColibriLogin" tests="1" failures="0" timestamp="31 May 2020 09:50:15 GMT" time="40.576" errors="0">
  <testcase name="VerifyValidLogin" time="40.576" classname="com.colibri.Testcases.VerifyColibriLogin"/>
</testsuite> <!-- com.colibri.Testcases.VerifyColibriLogin -->
