<?xml version="1.0" encoding="UTF-8"?>
<!-- Generated by org.testng.reporters.JUnitReportReporter -->
<testsuite hostname="LAPTOP-9MR528IS" name="com.colibri.Testcases.VerifyUpload" tests="1" failures="0" timestamp="31 May 2020 09:45:25 GMT" time="43.214" errors="0">
  <testcase name="VerifyUploadFile" time="43.214" classname="com.colibri.Testcases.VerifyUpload"/>
</testsuite> <!-- com.colibri.Testcases.VerifyUpload -->
