<?xml version="1.0" encoding="UTF-8"?>
<!-- Generated by org.testng.reporters.JUnitReportReporter -->
<testsuite hostname="LAPTOP-9MR528IS" name="com.colibri.Testcases.VerifyDataManagement" tests="1" failures="0" timestamp="8 Jul 2020 10:19:06 GMT" time="33.522" errors="0">
  <testcase name="VerifyResource" time="33.522" classname="com.colibri.Testcases.VerifyDataManagement"/>
</testsuite> <!-- com.colibri.Testcases.VerifyDataManagement -->
